Tue Dec 10 17:23:40 EET 2024: Starting service status check...
Tue Dec 10 17:23:40 EET 2024: Service 'nginx' is not running.
Tue Dec 10 17:23:40 EET 2024: Service 'nginx' is not running. Restarting...
Tue Dec 10 17:23:40 EET 2024: Failed to restart service 'nginx'.
Tue Dec 10 17:23:40 EET 2024: Service 'ssh' is not running.
Tue Dec 10 17:23:40 EET 2024: Service 'ssh' is not running. Restarting...
Tue Dec 10 17:23:40 EET 2024: Failed to restart service 'ssh'.
Tue Dec 10 17:23:40 EET 2024: Service 'cron' is not running.
Tue Dec 10 17:23:40 EET 2024: Service 'cron' is not running. Restarting...
Tue Dec 10 17:23:40 EET 2024: Failed to restart service 'cron'.
Tue Dec 10 17:23:40 EET 2024: Service status check complete.
Tue Dec 10 17:26:31 EET 2024: Starting service status check...
Tue Dec 10 17:26:31 EET 2024: Service 'nginx' is not running.
Tue Dec 10 17:26:31 EET 2024: Service 'nginx' is not running. Restarting...
Tue Dec 10 17:26:37 EET 2024: Failed to restart service 'nginx'.
Tue Dec 10 17:26:37 EET 2024: Service 'ssh' is running.
Tue Dec 10 17:26:37 EET 2024: Service 'cron' is not running.
Tue Dec 10 17:26:37 EET 2024: Service 'cron' is not running. Restarting...
Tue Dec 10 17:26:37 EET 2024: Failed to restart service 'cron'.
Tue Dec 10 17:26:37 EET 2024: Service status check complete.
